SF:/home/ttwin/projects/LearnTDD.Banking/Banking.Models/Account.cs
FN:8,System.Int32 Banking.Models.Account::get_AccountId()
FNDA:5,System.Int32 Banking.Models.Account::get_AccountId()
DA:9,5
FN:9,System.Decimal Banking.Models.Account::get_Balance()
FNDA:14,System.Decimal Banking.Models.Account::get_Balance()
DA:10,14
FN:17,System.Void Banking.Models.Account::Deposite(System.Decimal)
FNDA:1,System.Void Banking.Models.Account::Deposite(System.Decimal)
DA:18,1
DA:20,1
DA:21,1
DA:22,1
DA:24,0
DA:26,0
DA:27,0
DA:30,1
BRDA:21,9,0,1
BRDA:21,9,1,0
BRDA:26,77,0,0
BRDA:26,77,1,0
FN:32,System.Void Banking.Models.Account::Withdraw(System.Int32)
FNDA:2,System.Void Banking.Models.Account::Withdraw(System.Int32)
DA:33,2
DA:34,3
DA:35,1
DA:36,1
DA:39,1
DA:41,1
BRDA:34,20,0,1
BRDA:34,20,1,1
FN:10,System.Void Banking.Models.Account::.ctor(System.Int32,System.Decimal)
FNDA:8,System.Void Banking.Models.Account::.ctor(System.Int32,System.Decimal)
DA:11,8
DA:12,4
DA:13,4
DA:14,4
LF:20
LH:17
BRF:6
BRH:3
FNF:5
FNH:5
end_of_record
SF:/home/ttwin/projects/LearnTDD.Banking/Banking.Models/FileRepository.cs
FN:4,System.String Banking.Models.FileRepository::get_BasePath()
FNDA:0,System.String Banking.Models.FileRepository::get_BasePath()
DA:5,0
FN:6,System.Void Banking.Models.FileRepository::Save(Banking.Models.Account)
FNDA:0,System.Void Banking.Models.FileRepository::Save(Banking.Models.Account)
DA:7,0
DA:8,0
DA:9,0
DA:10,0
FN:5,System.Void Banking.Models.FileRepository::.ctor(System.String)
FNDA:0,System.Void Banking.Models.FileRepository::.ctor(System.String)
DA:6,0
LF:6
LH:0
BRF:0
BRH:0
FNF:3
FNH:0
end_of_record
SF:/home/ttwin/projects/LearnTDD.Banking/Banking.Models/NotEnoughtBalanceExeption.cs
FN:4,System.Decimal Banking.Models.NotEnoughtBalanceExeption::get_CurrentBalance()
FNDA:0,System.Decimal Banking.Models.NotEnoughtBalanceExeption::get_CurrentBalance()
DA:5,0
FN:5,System.Void Banking.Models.NotEnoughtBalanceExeption::.ctor(System.Decimal)
FNDA:2,System.Void Banking.Models.NotEnoughtBalanceExeption::.ctor(System.Decimal)
DA:6,2
LF:2
LH:1
BRF:0
BRH:0
FNF:2
FNH:1
end_of_record
SF:/home/ttwin/projects/LearnTDD.Banking/Banking.Cli/ConsoleShell.cs
FN:6,System.Void Banking.Cli.ConsoleShell::WriteLine(System.String)
FNDA:0,System.Void Banking.Cli.ConsoleShell::WriteLine(System.String)
DA:7,0
FN:7,System.Void Banking.Cli.ConsoleShell::Write(System.String)
FNDA:0,System.Void Banking.Cli.ConsoleShell::Write(System.String)
DA:8,0
FN:8,System.String Banking.Cli.ConsoleShell::ReadLine()
FNDA:0,System.String Banking.Cli.ConsoleShell::ReadLine()
DA:9,0
LF:3
LH:0
BRF:0
BRH:0
FNF:3
FNH:0
end_of_record
SF:/home/ttwin/projects/LearnTDD.Banking/Banking.Cli/CreateAccountView.cs
FN:11,System.Void Banking.Cli.CreateAccountView::ShowContent()
FNDA:1,System.Void Banking.Cli.CreateAccountView::ShowContent()
DA:12,1
DA:13,1
DA:14,1
DA:15,1
DA:16,1
DA:17,1
DA:18,1
DA:19,1
DA:20,1
DA:21,1
DA:22,1
FN:8,System.Void Banking.Cli.CreateAccountView::.ctor(System.String,IShell,Banking.Models.IRepository)
FNDA:2,System.Void Banking.Cli.CreateAccountView::.ctor(System.String,IShell,Banking.Models.IRepository)
DA:9,2
DA:11,1
LF:13
LH:13
BRF:0
BRH:0
FNF:2
FNH:2
end_of_record
SF:/home/ttwin/projects/LearnTDD.Banking/Banking.Cli/Program.cs
FN:8,System.Void Banking.Cli.Program::Main(System.String[])
FNDA:0,System.Void Banking.Cli.Program::Main(System.String[])
DA:9,0
DA:10,0
DA:12,0
DA:13,0
DA:15,0
DA:19,0
DA:20,0
DA:21,0
DA:22,0
DA:23,0
DA:26,0
DA:28,0
BRDA:15,25,1,0
BRDA:19,37,0,0
BRDA:15,25,0,0
BRDA:19,37,1,0
FN:32,System.Int32 Banking.Cli.Program::ShowOption()
FNDA:0,System.Int32 Banking.Cli.Program::ShowOption()
DA:33,0
DA:34,0
DA:35,0
DA:36,0
DA:37,0
DA:38,0
DA:39,0
DA:40,0
DA:41,0
DA:42,0
DA:43,0
DA:44,0
FN:46,System.Void Banking.Cli.Program::CreateAccount(Banking.Models.FileRepository)
FNDA:0,System.Void Banking.Cli.Program::CreateAccount(Banking.Models.FileRepository)
DA:47,0
DA:48,0
DA:49,0
DA:50,0
DA:51,0
DA:64,0
LF:30
LH:0
BRF:4
BRH:0
FNF:3
FNH:0
end_of_record
SF:/home/ttwin/projects/LearnTDD.Banking/Banking.Cli/View.cs
FN:5,System.String Banking.Cli.View::get_Header()
FNDA:2,System.String Banking.Cli.View::get_Header()
DA:6,2
FN:6,IShell Banking.Cli.View::get_Shell()
FNDA:11,IShell Banking.Cli.View::get_Shell()
DA:7,11
FN:7,Banking.Models.IRepository Banking.Cli.View::get_Repository()
FNDA:2,Banking.Models.IRepository Banking.Cli.View::get_Repository()
DA:8,2
FN:13,System.Void Banking.Cli.View::Show()
FNDA:1,System.Void Banking.Cli.View::Show()
DA:14,1
DA:15,1
DA:16,1
DA:17,1
FN:20,System.Void Banking.Cli.View::ShowHeader()
FNDA:1,System.Void Banking.Cli.View::ShowHeader()
DA:21,1
DA:22,1
DA:23,1
DA:24,1
DA:25,1
FN:8,System.Void Banking.Cli.View::.ctor(System.String,IShell,Banking.Models.IRepository)
FNDA:2,System.Void Banking.Cli.View::.ctor(System.String,IShell,Banking.Models.IRepository)
DA:9,2
DA:10,1
DA:11,1
DA:12,1
DA:13,1
LF:17
LH:17
BRF:0
BRH:0
FNF:6
FNH:6
end_of_record